<?xml version="1.0" encoding="UTF-8"?>
<testsuite xmlns:xsi="http://www.w3.org/2001/XMLSchema-instance" xsi:noNamespaceSchemaLocation="https://maven.apache.org/surefire/maven-surefire-plugin/xsd/surefire-test-report.xsd" version="3.0.2" name="com.oleificiorenna.gestioneingressi.GestioneingressiApplicationTests" time="2.53" tests="1" errors="0" skipped="0" failures="0">
  <properties>
[...]
</properties>
  <testcase name="contextLoads" classname="com.oleificiorenna.gestioneingressi.GestioneingressiApplicationTests" time="0.265">
    <system-out><![CDATA[00:25:50.057 [main] INFO org.springframework.test.context.support.AnnotationConfigContextLoaderUtils -- Could not detect default configuration classes for test class [com.oleificiorenna.gestioneingressi.GestioneingressiApplicationTests]: GestioneingressiApplicationTests does not declare any static, non-private, non-final, nested classes annotated with @Configuration.
00:25:50.104 [main] INFO org.springframework.boot.test.context.SpringBootTestContextBootstrapper -- Found @SpringBootConfiguration com.oleificiorenna.gestioneingressi.GestioneingressiApplication for test class com.oleificiorenna.gestioneingressi.GestioneingressiApplicationTests
00:25:50.161 [main] INFO org.springframework.boot.devtools.restart.RestartApplicationListener -- Restart disabled due to context in which it is running

  .   ____          _            __ _ _
 /\\ / ___'_ __ _ _(_)_ __  __ _ \ \ \ \
( ( )\___ | '_ | '_| | '_ \/ _` | \ \ \ \
 \\/  ___)| |_)| | | | | || (_| |  ) ) ) )
  '  |____| .__|_| |_|_| |_\__, | / / / /
 =========|_|==============|___/=/_/_/_/

 :: Spring Boot ::                (v3.5.5)

2025-09-13T00:25:50.254+02:00  INFO 50064 --- [gestioneingressi] [           main] c.o.g.GestioneingressiApplicationTests   : Starting GestioneingressiApplicationTests using Java 21.0.6 with PID 50064 (started by Riccardo.Roselli in /Users/Riccardo.Roselli/Progetti/gestioneingressi)
2025-09-13T00:25:50.255+02:00  INFO 50064 --- [gestioneingressi] [           main] c.o.g.GestioneingressiApplicationTests   : No active profile set, falling back to 1 default profile: "default"
2025-09-13T00:25:50.549+02:00  INFO 50064 --- [gestioneingressi] [           main] .s.d.r.c.RepositoryConfigurationDelegate : Bootstrapping Spring Data JPA repositories in DEFAULT mode.
2025-09-13T00:25:50.572+02:00  INFO 50064 --- [gestioneingressi] [           main] .s.d.r.c.RepositoryConfigurationDelegate : Finished Spring Data repository scanning in 18 ms. Found 2 JPA repository interfaces.
2025-09-13T00:25:50.754+02:00  INFO 50064 --- [gestioneingressi] [           main] o.hibernate.jpa.internal.util.LogHelper  : HHH000204: Processing PersistenceUnitInfo [name: default]
2025-09-13T00:25:50.778+02:00  INFO 50064 --- [gestioneingressi] [           main] org.hibernate.Version                    : HHH000412: Hibernate ORM core version 6.6.26.Final
2025-09-13T00:25:50.794+02:00  INFO 50064 --- [gestioneingressi] [           main] o.h.c.internal.RegionFactoryInitiator    : HHH000026: Second-level cache disabled
2025-09-13T00:25:50.911+02:00  INFO 50064 --- [gestioneingressi] [           main] o.s.o.j.p.SpringPersistenceUnitInfo      : No LoadTimeWeaver setup: ignoring JPA class transformer
2025-09-13T00:25:50.922+02:00  INFO 50064 --- [gestioneingressi] [           main] com.zaxxer.hikari.HikariDataSource       : HikariPool-1 - Starting...
2025-09-13T00:25:51.322+02:00  INFO 50064 --- [gestioneingressi] [           main] com.zaxxer.hikari.pool.HikariPool        : HikariPool-1 - Added connection org.postgresql.jdbc.PgConnection@3593e074
2025-09-13T00:25:51.322+02:00  INFO 50064 --- [gestioneingressi] [           main] com.zaxxer.hikari.HikariDataSource       : HikariPool-1 - Start completed.
2025-09-13T00:25:51.358+02:00  WARN 50064 --- [gestioneingressi] [           main] org.hibernate.orm.deprecation            : HHH90000025: PostgreSQLDialect does not need to be specified explicitly using 'hibernate.dialect' (remove the property setting and it will be selected by default)
2025-09-13T00:25:51.429+02:00  INFO 50064 --- [gestioneingressi] [           main] org.hibernate.orm.connections.pooling    : HHH10001005: Database info:
	Database JDBC URL [Connecting through datasource 'HikariDataSource (HikariPool-1)']
	Database driver: undefined/unknown
	Database version: 17.6
	Autocommit mode: undefined/unknown
	Isolation level: undefined/unknown
	Minimum pool size: undefined/unknown
	Maximum pool size: undefined/unknown
2025-09-13T00:25:51.740+02:00  INFO 50064 --- [gestioneingressi] [           main] o.h.e.t.j.p.i.JtaPlatformInitiator       : HHH000489: No JTA platform available (set 'hibernate.transaction.jta.platform' to enable JTA platform integration)
2025-09-13T00:25:51.821+02:00  INFO 50064 --- [gestioneingressi] [           main] j.LocalContainerEntityManagerFactoryBean : Initialized JPA EntityManagerFactory for persistence unit 'default'
2025-09-13T00:25:51.947+02:00  INFO 50064 --- [gestioneingressi] [           main] o.s.d.j.r.query.QueryEnhancerFactory     : Hibernate is in classpath; If applicable, HQL parser will be used.
2025-09-13T00:25:51.992+02:00  WARN 50064 --- [gestioneingressi] [           main] JpaBaseConfiguration$JpaWebConfiguration : spring.jpa.open-in-view is enabled by default. Therefore, database queries may be performed during view rendering. Explicitly configure spring.jpa.open-in-view to disable this warning
2025-09-13T00:25:52.007+02:00  INFO 50064 --- [gestioneingressi] [           main] r$InitializeUserDetailsManagerConfigurer : Global AuthenticationManager configured with UserDetailsService bean with name inMemoryUserDetailsManager
2025-09-13T00:25:52.092+02:00  INFO 50064 --- [gestioneingressi] [           main] o.s.v.b.OptionalValidatorFactoryBean     : Failed to set up a Bean Validation provider: jakarta.validation.NoProviderFoundException: Unable to create a Configuration, because no Jakarta Bean Validation provider could be found. Add a provider like Hibernate Validator (RI) to your classpath.
2025-09-13T00:25:52.261+02:00  INFO 50064 --- [gestioneingressi] [           main] c.o.g.GestioneingressiApplicationTests   : Started GestioneingressiApplicationTests in 2.103 seconds (process running for 2.51)
]]></system-out>
    <system-err><![CDATA[Mockito is currently self-attaching to enable the inline-mock-maker. This will no longer work in future releases of the JDK. Please add Mockito as an agent to your build as described in Mockito's documentation: https://javadoc.io/doc/org.mockito/mockito-core/latest/org.mockito/org/mockito/Mockito.html#0.3
WARNING: A Java agent has been loaded dynamically (/Users/Riccardo.Roselli/.m2/repository/net/bytebuddy/byte-buddy-agent/1.17.7/byte-buddy-agent-1.17.7.jar)
WARNING: If a serviceability tool is in use, please run with -XX:+EnableDynamicAgentLoading to hide this warning
WARNING: If a serviceability tool is not in use, please run with -Djdk.instrument.traceUsage for more information
WARNING: Dynamic loading of agents will be disallowed by default in a future release
]]></system-err>
  </testcase>
</testsuite>